<?xml version="1.0" encoding="UTF-8"?>
<testng-results skipped="0" failed="0" ignored="0" total="2" passed="2">
  <reporter-output>
  </reporter-output>
  <suite name="Suite" duration-ms="36944" started-at="2020-03-09T13:11:33Z" finished-at="2020-03-09T13:12:10Z">
    <groups>
    </groups>
    <test name="Test" duration-ms="36944" started-at="2020-03-09T13:11:33Z" finished-at="2020-03-09T13:12:10Z">
      <class name="hbpackage.HomeBinder.LogoutTest">
        <test-method status="PASS" signature="logout()[pri:0, instance:hbpackage.HomeBinder.LogoutTest@5762806e]" name="logout" duration-ms="2079" started-at="2020-03-09T13:12:08Z" finished-at="2020-03-09T13:12:10Z">
          <reporter-output>
          </reporter-output>
        </test-method> <!-- logout -->
      </class> <!-- hbpackage.HomeBinder.LogoutTest -->
      <class name="hbpackage.HomeBinder.LoginTest">
        <test-method status="PASS" signature="killAllNodes()[pri:0, instance:hbpackage.HomeBinder.LoginTest@548a102f]" name="killAllNodes" is-config="true" duration-ms="3013" started-at="2020-03-09T13:11:33Z" finished-at="2020-03-09T13:11:36Z">
          <reporter-output>
          </reporter-output>
        </test-method> <!-- killAllNodes -->
        <test-method status="PASS" signature="login(java.lang.String, java.lang.String)[pri:0, instance:hbpackage.HomeBinder.LoginTest@548a102f]" name="login" duration-ms="31829" started-at="2020-03-09T13:11:36Z" data-provider="InputData" finished-at="2020-03-09T13:12:08Z">
          <params>
            <param index="0">
              <value>
                <![CDATA[merlin.subi+phaseq@capestart.com]]>
              </value>
            </param>
            <param index="1">
              <value>
                <![CDATA[password]]>
              </value>
            </param>
          </params>
          <reporter-output>
          </reporter-output>
        </test-method> <!-- login -->
      </class> <!-- hbpackage.HomeBinder.LoginTest -->
    </test> <!-- Test -->
  </suite> <!-- Suite -->
</testng-results>
