<?xml version="1.0" encoding="UTF-8"?>
<testng-results skipped="0" failed="0" ignored="0" total="2" passed="2">
  <reporter-output>
  </reporter-output>
  <suite name="Suite" duration-ms="37268" started-at="2020-03-09T18:39:32 IST" finished-at="2020-03-09T18:40:09 IST">
    <groups>
    </groups>
    <test name="Test" duration-ms="37268" started-at="2020-03-09T18:39:32 IST" finished-at="2020-03-09T18:40:09 IST">
      <class name="hbpackage.HomeBinder.LogoutTest">
        <test-method status="PASS" signature="logout()[pri:0, instance:hbpackage.HomeBinder.LogoutTest@59906517]" name="logout" duration-ms="2235" started-at="2020-03-09T18:40:07 IST" finished-at="2020-03-09T18:40:09 IST">
          <reporter-output>
          </reporter-output>
        </test-method> <!-- logout -->
      </class> <!-- hbpackage.HomeBinder.LogoutTest -->
      <class name="hbpackage.HomeBinder.LoginTest">
        <test-method status="PASS" signature="killAllNodes()[pri:0, instance:hbpackage.HomeBinder.LoginTest@cb51256]" name="killAllNodes" is-config="true" duration-ms="3014" started-at="2020-03-09T18:39:32 IST" finished-at="2020-03-09T18:39:35 IST">
          <reporter-output>
          </reporter-output>
        </test-method> <!-- killAllNodes -->
        <test-method status="PASS" signature="login(java.lang.String, java.lang.String)[pri:0, instance:hbpackage.HomeBinder.LoginTest@cb51256]" name="login" duration-ms="31985" started-at="2020-03-09T18:39:35 IST" data-provider="InputData" finished-at="2020-03-09T18:40:07 IST">
          <params>
            <param index="0">
              <value>
                <![CDATA[merlin.subi+phaseq@capestart.com]]>
              </value>
            </param>
            <param index="1">
              <value>
                <![CDATA[password]]>
              </value>
            </param>
          </params>
          <reporter-output>
          </reporter-output>
        </test-method> <!-- login -->
      </class> <!-- hbpackage.HomeBinder.LoginTest -->
    </test> <!-- Test -->
  </suite> <!-- Suite -->
</testng-results>
